[debug] [2019-02-06T00:09:01.723Z] ----------------------------------------------------------------------
[debug] [2019-02-06T00:09:01.725Z] Command:       /usr/local/bin/node /usr/local/bin/firebase serve
[debug] [2019-02-06T00:09:01.725Z] CLI Version:   6.3.1
[debug] [2019-02-06T00:09:01.725Z] Platform:      darwin
[debug] [2019-02-06T00:09:01.725Z] Node Version:  v10.13.0
[debug] [2019-02-06T00:09:01.730Z] Time:          Tue Feb 05 2019 19:09:01 GMT-0500 (Eastern Standard Time)
[debug] [2019-02-06T00:09:01.730Z] ----------------------------------------------------------------------
[debug] 
[debug] [2019-02-06T00:09:01.740Z] > command requires scopes: ["email","openid","https://www.googleapis.com/auth/cloudplatformprojects.readonly","https://www.googleapis.com/auth/firebase","https://www.googleapis.com/auth/cloud-platform"]
[debug] [2019-02-06T00:09:01.740Z] > authorizing via signed-in user
[debug] [2019-02-06T00:09:01.740Z] [iam] checking project angular-pwa-ssr for permissions ["firebase.projects.get"]
[debug] [2019-02-06T00:09:01.742Z] >>> HTTP REQUEST POST https://cloudresourcemanager.googleapis.com/v1/projects/angular-pwa-ssr:testIamPermissions  

[debug] [2019-02-06T00:09:02.181Z] <<< HTTP RESPONSE 200
[debug] [2019-02-06T00:09:02.183Z] >>> HTTP REQUEST GET https://cloudresourcemanager.googleapis.com/v1/projects/angular-pwa-ssr  
 
[debug] [2019-02-06T00:09:02.381Z] <<< HTTP RESPONSE 200
[info] 
[info] === Serving from '/tutorials/angular-pwa/angular-pwa-codelab/initial'...
[info] 
[debug] [2019-02-06T00:09:03.138Z] Error: EACCES: permission denied, mkdir '/usr/local/lib/node_modules/firebase-tools/node_modules/@google-cloud/functions-emulator/logs'
    at Object.mkdirSync (fs.js:750:3)
    at Object.assertLogsPath (/usr/local/lib/node_modules/firebase-tools/node_modules/@google-cloud/functions-emulator/src/emulator/logs.js:65:10)
    at new Controller (/usr/local/lib/node_modules/firebase-tools/node_modules/@google-cloud/functions-emulator/src/cli/controller.js:77:32)
    at FunctionsEmulator.start (/usr/local/lib/node_modules/firebase-tools/lib/functionsEmulator.js:102:23)
    at Object.start (/usr/local/lib/node_modules/firebase-tools/lib/serve/functions.js:7:33)
    at /usr/local/lib/node_modules/firebase-tools/lib/serve/index.js:15:23
    at arrayMap (/usr/local/lib/node_modules/firebase-tools/node_modules/lodash/lodash.js:639:23)
    at Function.map (/usr/local/lib/node_modules/firebase-tools/node_modules/lodash/lodash.js:9556:14)
    at _serve (/usr/local/lib/node_modules/firebase-tools/lib/serve/index.js:13:26)
    at Command.module.exports.Command.description.option.option.option.option.before.action [as _action] (/usr/local/lib/node_modules/firebase-tools/lib/commands/serve.js:55:12)
[error] 
[error] Error: An unexpected error has occurred.
[debug] [2019-02-06T00:11:05.242Z] ----------------------------------------------------------------------
[debug] [2019-02-06T00:11:05.244Z] Command:       /usr/local/bin/node /usr/local/bin/firebase deploy
[debug] [2019-02-06T00:11:05.244Z] CLI Version:   6.3.1
[debug] [2019-02-06T00:11:05.244Z] Platform:      darwin
[debug] [2019-02-06T00:11:05.244Z] Node Version:  v10.13.0
[debug] [2019-02-06T00:11:05.245Z] Time:          Tue Feb 05 2019 19:11:05 GMT-0500 (Eastern Standard Time)
[debug] [2019-02-06T00:11:05.245Z] ----------------------------------------------------------------------
[debug] 
[debug] [2019-02-06T00:11:05.254Z] > command requires scopes: ["email","openid","https://www.googleapis.com/auth/cloudplatformprojects.readonly","https://www.googleapis.com/auth/firebase","https://www.googleapis.com/auth/cloud-platform"]
[debug] [2019-02-06T00:11:05.254Z] > authorizing via signed-in user
[debug] [2019-02-06T00:11:05.254Z] [iam] checking project angular-pwa-ssr for permissions ["cloudfunctions.functions.create","cloudfunctions.functions.delete","cloudfunctions.functions.get","cloudfunctions.functions.list","cloudfunctions.functions.update","cloudfunctions.operations.get","datastore.indexes.create","datastore.indexes.delete","datastore.indexes.list","datastore.indexes.update","firebase.projects.get","firebasehosting.sites.update"]
[debug] [2019-02-06T00:11:05.256Z] >>> HTTP REQUEST POST https://cloudresourcemanager.googleapis.com/v1/projects/angular-pwa-ssr:testIamPermissions  

[debug] [2019-02-06T00:11:05.504Z] <<< HTTP RESPONSE 200
[debug] [2019-02-06T00:11:05.506Z] >>> HTTP REQUEST GET https://firebase.googleapis.com/v1beta1/projects/angular-pwa-ssr  
 
[debug] [2019-02-06T00:11:05.752Z] <<< HTTP RESPONSE 200
[info] 
[info] === Deploying to 'angular-pwa-ssr'...
[info] 
[info] i  deploying firestore, functions, hosting
[info] Running command: npm --prefix "$RESOURCE_DIR" run lint
[info] Running command: npm --prefix "$RESOURCE_DIR" run build
